2024-11-25T21:38:32.844Z DEBUG RegistrationParameters: port=28196
2024-11-25T21:38:32.846Z DEBUG RegistrationParameters: pluginUUID=94F17F67588382E2EC50232764528CAD
2024-11-25T21:38:32.847Z DEBUG RegistrationParameters: registerEvent=registerPlugin
2024-11-25T21:38:32.847Z DEBUG RegistrationParameters: info={"application":{"font":"Segoe UI","language":"en","platform":"windows","platformVersion":"10.0.22631","version":"6.8.0.21252"},"colors":{"buttonMouseOverBackgroundColor":"#464646FF","buttonPressedBackgroundColor":"#303030FF","buttonPressedBorderColor":"#646464FF","buttonPressedTextColor":"#969696FF","highlightColor":"#0078FFFF"},"devicePixelRatio":1,"devices":[{"id":"7F12B26789C1853C992B10B1B94B3D2B","name":"Stream Deck Mobile","size":{"columns":8,"rows":8},"type":3},{"id":"7F48C3720F2BE98EFC524EFC47D23C12","name":"Stream Deck 2","size":{"columns":5,"rows":3},"type":0}],"plugin":{"uuid":"com.maninthebag.medaltvi","version":"0.1.0.0"}}
2024-11-25T21:38:43.246Z TRACE Connection: {"action":"com.maninthebag.medaltvi.startrec","context":"648e957d009ea1178e6e030dbb763601","device":"7F12B26789C1853C992B10B1B94B3D2B","event":"willAppear","payload":{"controller":"Keypad","coordinates":{"column":2,"row":0},"isInMultiAction":false,"settings":{}}}
2024-11-25T21:38:43.247Z TRACE Connection: {"action":"com.maninthebag.medaltvi.startrec","context":"648e957d009ea1178e6e030dbb763601","device":"7F12B26789C1853C992B10B1B94B3D2B","event":"titleParametersDidChange","payload":{"controller":"Keypad","coordinates":{"column":2,"row":0},"settings":{},"state":0,"title":"","titleParameters":{"fontFamily":"","fontSize":9,"fontStyle":"","fontUnderline":false,"showTitle":true,"titleAlignment":"bottom","titleColor":"#ffffff"}}}
2024-11-25T21:39:17.892Z TRACE Connection: {"device":"7F12B26789C1853C992B10B1B94B3D2B","deviceInfo":{"name":"Stream Deck Mobile","size":{"columns":8,"rows":8},"type":3},"event":"deviceDidConnect"}
2024-11-25T21:39:29.704Z TRACE Connection: {"action":"com.maninthebag.medaltvi.startrec","context":"648e957d009ea1178e6e030dbb763601","device":"7F12B26789C1853C992B10B1B94B3D2B","event":"keyDown","payload":{"coordinates":{"column":2,"row":0},"isInMultiAction":false,"settings":{}}}
2024-11-25T21:39:29.705Z INFO  Key Pressed!
2024-11-25T21:39:29.764Z TRACE Connection: {"action":"com.maninthebag.medaltvi.startrec","context":"648e957d009ea1178e6e030dbb763601","device":"7F12B26789C1853C992B10B1B94B3D2B","event":"keyUp","payload":{"coordinates":{"column":2,"row":0},"isInMultiAction":false,"settings":{}}}
2024-11-25T21:39:30.455Z TRACE Connection: {"action":"com.maninthebag.medaltvi.startrec","context":"648e957d009ea1178e6e030dbb763601","device":"7F12B26789C1853C992B10B1B94B3D2B","event":"keyDown","payload":{"coordinates":{"column":2,"row":0},"isInMultiAction":false,"settings":{}}}
2024-11-25T21:39:30.456Z INFO  Key Pressed!
2024-11-25T21:39:30.518Z TRACE Connection: {"action":"com.maninthebag.medaltvi.startrec","context":"648e957d009ea1178e6e030dbb763601","device":"7F12B26789C1853C992B10B1B94B3D2B","event":"keyUp","payload":{"coordinates":{"column":2,"row":0},"isInMultiAction":false,"settings":{}}}
2024-11-25T21:39:30.832Z TRACE Connection: {"action":"com.maninthebag.medaltvi.startrec","context":"648e957d009ea1178e6e030dbb763601","device":"7F12B26789C1853C992B10B1B94B3D2B","event":"keyDown","payload":{"coordinates":{"column":2,"row":0},"isInMultiAction":false,"settings":{}}}
2024-11-25T21:39:30.832Z INFO  Key Pressed!
2024-11-25T21:39:30.893Z TRACE Connection: {"action":"com.maninthebag.medaltvi.startrec","context":"648e957d009ea1178e6e030dbb763601","device":"7F12B26789C1853C992B10B1B94B3D2B","event":"keyUp","payload":{"coordinates":{"column":2,"row":0},"isInMultiAction":false,"settings":{}}}
2024-11-25T21:39:31.080Z TRACE Connection: {"action":"com.maninthebag.medaltvi.startrec","context":"648e957d009ea1178e6e030dbb763601","device":"7F12B26789C1853C992B10B1B94B3D2B","event":"keyDown","payload":{"coordinates":{"column":2,"row":0},"isInMultiAction":false,"settings":{}}}
2024-11-25T21:39:31.081Z INFO  Key Pressed!
2024-11-25T21:39:31.143Z TRACE Connection: {"action":"com.maninthebag.medaltvi.startrec","context":"648e957d009ea1178e6e030dbb763601","device":"7F12B26789C1853C992B10B1B94B3D2B","event":"keyUp","payload":{"coordinates":{"column":2,"row":0},"isInMultiAction":false,"settings":{}}}
2024-11-25T21:39:31.330Z TRACE Connection: {"action":"com.maninthebag.medaltvi.startrec","context":"648e957d009ea1178e6e030dbb763601","device":"7F12B26789C1853C992B10B1B94B3D2B","event":"keyDown","payload":{"coordinates":{"column":2,"row":0},"isInMultiAction":false,"settings":{}}}
2024-11-25T21:39:31.331Z INFO  Key Pressed!
2024-11-25T21:39:31.393Z TRACE Connection: {"action":"com.maninthebag.medaltvi.startrec","context":"648e957d009ea1178e6e030dbb763601","device":"7F12B26789C1853C992B10B1B94B3D2B","event":"keyUp","payload":{"coordinates":{"column":2,"row":0},"isInMultiAction":false,"settings":{}}}
2024-11-25T21:39:31.517Z TRACE Connection: {"action":"com.maninthebag.medaltvi.startrec","context":"648e957d009ea1178e6e030dbb763601","device":"7F12B26789C1853C992B10B1B94B3D2B","event":"keyDown","payload":{"coordinates":{"column":2,"row":0},"isInMultiAction":false,"settings":{}}}
2024-11-25T21:39:31.517Z INFO  Key Pressed!
2024-11-25T21:39:31.579Z TRACE Connection: {"action":"com.maninthebag.medaltvi.startrec","context":"648e957d009ea1178e6e030dbb763601","device":"7F12B26789C1853C992B10B1B94B3D2B","event":"keyUp","payload":{"coordinates":{"column":2,"row":0},"isInMultiAction":false,"settings":{}}}
2024-11-25T21:39:31.640Z TRACE Connection: {"action":"com.maninthebag.medaltvi.startrec","context":"648e957d009ea1178e6e030dbb763601","device":"7F12B26789C1853C992B10B1B94B3D2B","event":"keyDown","payload":{"coordinates":{"column":2,"row":0},"isInMultiAction":false,"settings":{}}}
2024-11-25T21:39:31.641Z INFO  Key Pressed!
2024-11-25T21:39:31.703Z TRACE Connection: {"action":"com.maninthebag.medaltvi.startrec","context":"648e957d009ea1178e6e030dbb763601","device":"7F12B26789C1853C992B10B1B94B3D2B","event":"keyUp","payload":{"coordinates":{"column":2,"row":0},"isInMultiAction":false,"settings":{}}}
2024-11-25T21:39:31.828Z TRACE Connection: {"action":"com.maninthebag.medaltvi.startrec","context":"648e957d009ea1178e6e030dbb763601","device":"7F12B26789C1853C992B10B1B94B3D2B","event":"keyDown","payload":{"coordinates":{"column":2,"row":0},"isInMultiAction":false,"settings":{}}}
2024-11-25T21:39:31.828Z INFO  Key Pressed!
2024-11-25T21:39:31.890Z TRACE Connection: {"action":"com.maninthebag.medaltvi.startrec","context":"648e957d009ea1178e6e030dbb763601","device":"7F12B26789C1853C992B10B1B94B3D2B","event":"keyUp","payload":{"coordinates":{"column":2,"row":0},"isInMultiAction":false,"settings":{}}}
2024-11-25T21:39:32.017Z TRACE Connection: {"action":"com.maninthebag.medaltvi.startrec","context":"648e957d009ea1178e6e030dbb763601","device":"7F12B26789C1853C992B10B1B94B3D2B","event":"keyDown","payload":{"coordinates":{"column":2,"row":0},"isInMultiAction":false,"settings":{}}}
2024-11-25T21:39:32.017Z INFO  Key Pressed!
2024-11-25T21:39:32.079Z TRACE Connection: {"action":"com.maninthebag.medaltvi.startrec","context":"648e957d009ea1178e6e030dbb763601","device":"7F12B26789C1853C992B10B1B94B3D2B","event":"keyUp","payload":{"coordinates":{"column":2,"row":0},"isInMultiAction":false,"settings":{}}}
2024-11-25T21:39:32.203Z TRACE Connection: {"action":"com.maninthebag.medaltvi.startrec","context":"648e957d009ea1178e6e030dbb763601","device":"7F12B26789C1853C992B10B1B94B3D2B","event":"keyDown","payload":{"coordinates":{"column":2,"row":0},"isInMultiAction":false,"settings":{}}}
2024-11-25T21:39:32.203Z INFO  Key Pressed!
2024-11-25T21:39:32.264Z TRACE Connection: {"action":"com.maninthebag.medaltvi.startrec","context":"648e957d009ea1178e6e030dbb763601","device":"7F12B26789C1853C992B10B1B94B3D2B","event":"keyUp","payload":{"coordinates":{"column":2,"row":0},"isInMultiAction":false,"settings":{}}}
2024-11-25T21:39:32.327Z TRACE Connection: {"action":"com.maninthebag.medaltvi.startrec","context":"648e957d009ea1178e6e030dbb763601","device":"7F12B26789C1853C992B10B1B94B3D2B","event":"keyDown","payload":{"coordinates":{"column":2,"row":0},"isInMultiAction":false,"settings":{}}}
2024-11-25T21:39:32.327Z INFO  Key Pressed!
2024-11-25T21:39:32.452Z TRACE Connection: {"action":"com.maninthebag.medaltvi.startrec","context":"648e957d009ea1178e6e030dbb763601","device":"7F12B26789C1853C992B10B1B94B3D2B","event":"keyUp","payload":{"coordinates":{"column":2,"row":0},"isInMultiAction":false,"settings":{}}}
2024-11-25T21:39:32.514Z TRACE Connection: {"action":"com.maninthebag.medaltvi.startrec","context":"648e957d009ea1178e6e030dbb763601","device":"7F12B26789C1853C992B10B1B94B3D2B","event":"keyDown","payload":{"coordinates":{"column":2,"row":0},"isInMultiAction":false,"settings":{}}}
2024-11-25T21:39:32.514Z INFO  Key Pressed!
2024-11-25T21:39:32.639Z TRACE Connection: {"action":"com.maninthebag.medaltvi.startrec","context":"648e957d009ea1178e6e030dbb763601","device":"7F12B26789C1853C992B10B1B94B3D2B","event":"keyUp","payload":{"coordinates":{"column":2,"row":0},"isInMultiAction":false,"settings":{}}}
2024-11-25T21:39:32.700Z TRACE Connection: {"action":"com.maninthebag.medaltvi.startrec","context":"648e957d009ea1178e6e030dbb763601","device":"7F12B26789C1853C992B10B1B94B3D2B","event":"keyDown","payload":{"coordinates":{"column":2,"row":0},"isInMultiAction":false,"settings":{}}}
2024-11-25T21:39:32.700Z INFO  Key Pressed!
2024-11-25T21:39:32.762Z TRACE Connection: {"action":"com.maninthebag.medaltvi.startrec","context":"648e957d009ea1178e6e030dbb763601","device":"7F12B26789C1853C992B10B1B94B3D2B","event":"keyUp","payload":{"coordinates":{"column":2,"row":0},"isInMultiAction":false,"settings":{}}}
2024-11-25T21:39:32.824Z TRACE Connection: {"action":"com.maninthebag.medaltvi.startrec","context":"648e957d009ea1178e6e030dbb763601","device":"7F12B26789C1853C992B10B1B94B3D2B","event":"keyDown","payload":{"coordinates":{"column":2,"row":0},"isInMultiAction":false,"settings":{}}}
2024-11-25T21:39:32.824Z INFO  Key Pressed!
2024-11-25T21:39:32.949Z TRACE Connection: {"action":"com.maninthebag.medaltvi.startrec","context":"648e957d009ea1178e6e030dbb763601","device":"7F12B26789C1853C992B10B1B94B3D2B","event":"keyUp","payload":{"coordinates":{"column":2,"row":0},"isInMultiAction":false,"settings":{}}}
2024-11-25T21:39:38.329Z TRACE Connection: {"action":"com.maninthebag.medaltvi.startrec","context":"648e957d009ea1178e6e030dbb763601","device":"7F12B26789C1853C992B10B1B94B3D2B","event":"keyDown","payload":{"coordinates":{"column":2,"row":0},"isInMultiAction":false,"settings":{}}}
2024-11-25T21:39:38.329Z INFO  Key Pressed!
2024-11-25T21:39:38.392Z TRACE Connection: {"action":"com.maninthebag.medaltvi.startrec","context":"648e957d009ea1178e6e030dbb763601","device":"7F12B26789C1853C992B10B1B94B3D2B","event":"keyUp","payload":{"coordinates":{"column":2,"row":0},"isInMultiAction":false,"settings":{}}}
2024-11-25T21:39:38.641Z TRACE Connection: {"action":"com.maninthebag.medaltvi.startrec","context":"648e957d009ea1178e6e030dbb763601","device":"7F12B26789C1853C992B10B1B94B3D2B","event":"keyDown","payload":{"coordinates":{"column":2,"row":0},"isInMultiAction":false,"settings":{}}}
2024-11-25T21:39:38.642Z INFO  Key Pressed!
2024-11-25T21:39:38.765Z TRACE Connection: {"action":"com.maninthebag.medaltvi.startrec","context":"648e957d009ea1178e6e030dbb763601","device":"7F12B26789C1853C992B10B1B94B3D2B","event":"keyUp","payload":{"coordinates":{"column":2,"row":0},"isInMultiAction":false,"settings":{}}}
2024-11-25T21:39:38.891Z TRACE Connection: {"action":"com.maninthebag.medaltvi.startrec","context":"648e957d009ea1178e6e030dbb763601","device":"7F12B26789C1853C992B10B1B94B3D2B","event":"keyDown","payload":{"coordinates":{"column":2,"row":0},"isInMultiAction":false,"settings":{}}}
2024-11-25T21:39:38.891Z INFO  Key Pressed!
2024-11-25T21:39:38.952Z TRACE Connection: {"action":"com.maninthebag.medaltvi.startrec","context":"648e957d009ea1178e6e030dbb763601","device":"7F12B26789C1853C992B10B1B94B3D2B","event":"keyUp","payload":{"coordinates":{"column":2,"row":0},"isInMultiAction":false,"settings":{}}}
2024-11-25T21:40:07.560Z TRACE Connection: {"action":"com.maninthebag.medaltvi.startrec","context":"648e957d009ea1178e6e030dbb763601","device":"7F12B26789C1853C992B10B1B94B3D2B","event":"willDisappear","payload":{"controller":"Keypad","coordinates":{"column":2,"row":0},"isInMultiAction":false,"settings":{}}}
