2024-11-23T23:45:35.813Z DEBUG RegistrationParameters: port=28196
2024-11-23T23:45:35.814Z DEBUG RegistrationParameters: pluginUUID=FAFF4E18EA99942679B01C234493FA2F
2024-11-23T23:45:35.815Z DEBUG RegistrationParameters: registerEvent=registerPlugin
2024-11-23T23:45:35.815Z DEBUG RegistrationParameters: info={"application":{"font":"Segoe UI","language":"en","platform":"windows","platformVersion":"10.0.22631","version":"6.8.0.21252"},"colors":{"buttonMouseOverBackgroundColor":"#464646FF","buttonPressedBackgroundColor":"#303030FF","buttonPressedBorderColor":"#646464FF","buttonPressedTextColor":"#969696FF","highlightColor":"#0078FFFF"},"devicePixelRatio":1,"devices":[{"id":"7F48C3720F2BE98EFC524EFC47D23C12","name":"Stream Deck 2","size":{"columns":5,"rows":3},"type":0},{"id":"7F12B26789C1853C992B10B1B94B3D2B","name":"Stream Deck Mobile","size":{"columns":8,"rows":8},"type":3}],"plugin":{"uuid":"com.maninthebag.medaltv","version":"0.1.0.0"}}
2024-11-23T23:45:35.825Z TRACE Connection: {"device":"7F12B26789C1853C992B10B1B94B3D2B","deviceInfo":{"name":"Stream Deck Mobile","size":{"columns":8,"rows":8},"type":3},"event":"deviceDidConnect"}
2024-11-23T23:45:35.825Z TRACE Connection: {"action":"com.maninthebag.medaltv.increment","context":"2edcd55a270cfe01707a32aaa80fd6d4","device":"7F48C3720F2BE98EFC524EFC47D23C12","event":"willAppear","payload":{"controller":"Keypad","coordinates":{"column":3,"row":1},"isInMultiAction":false,"settings":{}}}
2024-11-23T23:45:35.826Z TRACE Connection: {"action":"com.maninthebag.medaltv.increment","context":"2edcd55a270cfe01707a32aaa80fd6d4","device":"7F48C3720F2BE98EFC524EFC47D23C12","event":"titleParametersDidChange","payload":{"controller":"Keypad","coordinates":{"column":3,"row":1},"settings":{},"state":0,"title":"","titleParameters":{"fontFamily":"","fontSize":9,"fontStyle":"","fontUnderline":false,"showTitle":true,"titleAlignment":"middle","titleColor":"#ffffff"}}}
2024-11-23T23:45:35.827Z TRACE Connection: {"action":"com.maninthebag.medaltv.pressbutton","context":"96908fcfcc96a5b5a29ea2aeea209412","device":"7F12B26789C1853C992B10B1B94B3D2B","event":"willAppear","payload":{"controller":"Keypad","coordinates":{"column":2,"row":0},"isInMultiAction":false,"settings":{}}}
2024-11-23T23:45:35.828Z TRACE Connection: {"action":"com.maninthebag.medaltv.pressbutton","context":"96908fcfcc96a5b5a29ea2aeea209412","device":"7F12B26789C1853C992B10B1B94B3D2B","event":"titleParametersDidChange","payload":{"controller":"Keypad","coordinates":{"column":2,"row":0},"settings":{},"state":0,"title":"","titleParameters":{"fontFamily":"","fontSize":9,"fontStyle":"","fontUnderline":false,"showTitle":true,"titleAlignment":"middle","titleColor":"#ffffff"}}}
2024-11-23T23:45:35.829Z TRACE Connection: {"event":"setTitle","context":"2edcd55a270cfe01707a32aaa80fd6d4","payload":{"title":"0"}}
2024-11-23T23:48:37.037Z TRACE Connection: {"action":"com.maninthebag.medaltv.pressbutton","context":"96908fcfcc96a5b5a29ea2aeea209412","device":"7F12B26789C1853C992B10B1B94B3D2B","event":"keyDown","payload":{"coordinates":{"column":2,"row":0},"isInMultiAction":false,"settings":{}}}
2024-11-23T23:48:37.038Z INFO  Key pressed!
2024-11-23T23:48:37.158Z TRACE Connection: {"action":"com.maninthebag.medaltv.pressbutton","context":"96908fcfcc96a5b5a29ea2aeea209412","device":"7F12B26789C1853C992B10B1B94B3D2B","event":"keyUp","payload":{"coordinates":{"column":2,"row":0},"isInMultiAction":false,"settings":{}}}
2024-11-23T23:48:38.218Z TRACE Connection: {"action":"com.maninthebag.medaltv.pressbutton","context":"96908fcfcc96a5b5a29ea2aeea209412","device":"7F12B26789C1853C992B10B1B94B3D2B","event":"keyDown","payload":{"coordinates":{"column":2,"row":0},"isInMultiAction":false,"settings":{}}}
2024-11-23T23:48:38.218Z INFO  Key pressed!
2024-11-23T23:48:38.280Z TRACE Connection: {"action":"com.maninthebag.medaltv.pressbutton","context":"96908fcfcc96a5b5a29ea2aeea209412","device":"7F12B26789C1853C992B10B1B94B3D2B","event":"keyUp","payload":{"coordinates":{"column":2,"row":0},"isInMultiAction":false,"settings":{}}}
2024-11-23T23:48:38.655Z TRACE Connection: {"action":"com.maninthebag.medaltv.pressbutton","context":"96908fcfcc96a5b5a29ea2aeea209412","device":"7F12B26789C1853C992B10B1B94B3D2B","event":"keyDown","payload":{"coordinates":{"column":2,"row":0},"isInMultiAction":false,"settings":{}}}
2024-11-23T23:48:38.656Z INFO  Key pressed!
2024-11-23T23:48:38.718Z TRACE Connection: {"action":"com.maninthebag.medaltv.pressbutton","context":"96908fcfcc96a5b5a29ea2aeea209412","device":"7F12B26789C1853C992B10B1B94B3D2B","event":"keyUp","payload":{"coordinates":{"column":2,"row":0},"isInMultiAction":false,"settings":{}}}
2024-11-23T23:48:38.842Z TRACE Connection: {"action":"com.maninthebag.medaltv.pressbutton","context":"96908fcfcc96a5b5a29ea2aeea209412","device":"7F12B26789C1853C992B10B1B94B3D2B","event":"keyDown","payload":{"coordinates":{"column":2,"row":0},"isInMultiAction":false,"settings":{}}}
2024-11-23T23:48:38.843Z INFO  Key pressed!
2024-11-23T23:48:38.904Z TRACE Connection: {"action":"com.maninthebag.medaltv.pressbutton","context":"96908fcfcc96a5b5a29ea2aeea209412","device":"7F12B26789C1853C992B10B1B94B3D2B","event":"keyUp","payload":{"coordinates":{"column":2,"row":0},"isInMultiAction":false,"settings":{}}}
2024-11-23T23:48:44.637Z TRACE Connection: {"action":"com.maninthebag.medaltv.pressbutton","context":"96908fcfcc96a5b5a29ea2aeea209412","device":"7F12B26789C1853C992B10B1B94B3D2B","event":"keyDown","payload":{"coordinates":{"column":2,"row":0},"isInMultiAction":false,"settings":{}}}
2024-11-23T23:48:44.638Z INFO  Key pressed!
2024-11-23T23:48:44.769Z TRACE Connection: {"action":"com.maninthebag.medaltv.pressbutton","context":"96908fcfcc96a5b5a29ea2aeea209412","device":"7F12B26789C1853C992B10B1B94B3D2B","event":"keyUp","payload":{"coordinates":{"column":2,"row":0},"isInMultiAction":false,"settings":{}}}
2024-11-23T23:48:45.135Z TRACE Connection: {"action":"com.maninthebag.medaltv.pressbutton","context":"96908fcfcc96a5b5a29ea2aeea209412","device":"7F12B26789C1853C992B10B1B94B3D2B","event":"keyDown","payload":{"coordinates":{"column":2,"row":0},"isInMultiAction":false,"settings":{}}}
2024-11-23T23:48:45.136Z INFO  Key pressed!
2024-11-23T23:48:45.197Z TRACE Connection: {"action":"com.maninthebag.medaltv.pressbutton","context":"96908fcfcc96a5b5a29ea2aeea209412","device":"7F12B26789C1853C992B10B1B94B3D2B","event":"keyUp","payload":{"coordinates":{"column":2,"row":0},"isInMultiAction":false,"settings":{}}}
2024-11-23T23:48:48.109Z TRACE Connection: {"action":"com.maninthebag.medaltv.pressbutton","context":"96908fcfcc96a5b5a29ea2aeea209412","device":"7F12B26789C1853C992B10B1B94B3D2B","event":"propertyInspectorDidAppear"}
2024-11-23T23:48:49.030Z TRACE Connection: {"action":"com.maninthebag.medaltv.pressbutton","context":"96908fcfcc96a5b5a29ea2aeea209412","device":"7F12B26789C1853C992B10B1B94B3D2B","event":"willDisappear","payload":{"controller":"Keypad","coordinates":{"column":2,"row":0},"isInMultiAction":false,"settings":{}}}
2024-11-23T23:48:50.022Z TRACE Connection: {"action":"com.maninthebag.medaltv.pressbutton","context":"96908fcfcc96a5b5a29ea2aeea209412","device":"7F12B26789C1853C992B10B1B94B3D2B","event":"propertyInspectorDidDisappear"}
2024-11-23T23:48:51.372Z TRACE Connection: {"action":"com.maninthebag.medaltv.pressbutton","context":"96908fcfcc96a5b5a29ea2aeea209412","device":"7F12B26789C1853C992B10B1B94B3D2B","event":"willAppear","payload":{"controller":"Keypad","coordinates":{"column":2,"row":0},"isInMultiAction":false,"settings":{}}}
2024-11-23T23:48:51.372Z TRACE Connection: {"action":"com.maninthebag.medaltv.pressbutton","context":"96908fcfcc96a5b5a29ea2aeea209412","device":"7F12B26789C1853C992B10B1B94B3D2B","event":"titleParametersDidChange","payload":{"controller":"Keypad","coordinates":{"column":2,"row":0},"settings":{},"state":0,"title":"","titleParameters":{"fontFamily":"","fontSize":9,"fontStyle":"","fontUnderline":false,"showTitle":true,"titleAlignment":"middle","titleColor":"#ffffff"}}}
2024-11-23T23:48:51.762Z TRACE Connection: {"action":"com.maninthebag.medaltv.pressbutton","context":"96908fcfcc96a5b5a29ea2aeea209412","device":"7F12B26789C1853C992B10B1B94B3D2B","event":"propertyInspectorDidAppear"}
2024-11-23T23:48:52.445Z TRACE Connection: {"action":"com.maninthebag.medaltv.pressbutton","context":"96908fcfcc96a5b5a29ea2aeea209412","device":"7F12B26789C1853C992B10B1B94B3D2B","event":"keyDown","payload":{"coordinates":{"column":2,"row":0},"isInMultiAction":false,"settings":{}}}
2024-11-23T23:48:52.446Z INFO  Key pressed!
2024-11-23T23:48:52.507Z TRACE Connection: {"action":"com.maninthebag.medaltv.pressbutton","context":"96908fcfcc96a5b5a29ea2aeea209412","device":"7F12B26789C1853C992B10B1B94B3D2B","event":"keyUp","payload":{"coordinates":{"column":2,"row":0},"isInMultiAction":false,"settings":{}}}
2024-11-23T23:48:52.823Z TRACE Connection: {"action":"com.maninthebag.medaltv.pressbutton","context":"96908fcfcc96a5b5a29ea2aeea209412","device":"7F12B26789C1853C992B10B1B94B3D2B","event":"keyDown","payload":{"coordinates":{"column":2,"row":0},"isInMultiAction":false,"settings":{}}}
2024-11-23T23:48:52.824Z INFO  Key pressed!
2024-11-23T23:48:52.947Z TRACE Connection: {"action":"com.maninthebag.medaltv.pressbutton","context":"96908fcfcc96a5b5a29ea2aeea209412","device":"7F12B26789C1853C992B10B1B94B3D2B","event":"keyUp","payload":{"coordinates":{"column":2,"row":0},"isInMultiAction":false,"settings":{}}}
2024-11-23T23:48:53.009Z TRACE Connection: {"action":"com.maninthebag.medaltv.pressbutton","context":"96908fcfcc96a5b5a29ea2aeea209412","device":"7F12B26789C1853C992B10B1B94B3D2B","event":"keyDown","payload":{"coordinates":{"column":2,"row":0},"isInMultiAction":false,"settings":{}}}
2024-11-23T23:48:53.010Z INFO  Key pressed!
2024-11-23T23:48:53.135Z TRACE Connection: {"action":"com.maninthebag.medaltv.pressbutton","context":"96908fcfcc96a5b5a29ea2aeea209412","device":"7F12B26789C1853C992B10B1B94B3D2B","event":"keyUp","payload":{"coordinates":{"column":2,"row":0},"isInMultiAction":false,"settings":{}}}
2024-11-23T23:48:53.259Z TRACE Connection: {"action":"com.maninthebag.medaltv.pressbutton","context":"96908fcfcc96a5b5a29ea2aeea209412","device":"7F12B26789C1853C992B10B1B94B3D2B","event":"keyDown","payload":{"coordinates":{"column":2,"row":0},"isInMultiAction":false,"settings":{}}}
2024-11-23T23:48:53.260Z INFO  Key pressed!
2024-11-23T23:48:53.322Z TRACE Connection: {"action":"com.maninthebag.medaltv.pressbutton","context":"96908fcfcc96a5b5a29ea2aeea209412","device":"7F12B26789C1853C992B10B1B94B3D2B","event":"keyUp","payload":{"coordinates":{"column":2,"row":0},"isInMultiAction":false,"settings":{}}}
2024-11-23T23:48:54.008Z TRACE Connection: {"action":"com.maninthebag.medaltv.pressbutton","context":"96908fcfcc96a5b5a29ea2aeea209412","device":"7F12B26789C1853C992B10B1B94B3D2B","event":"keyDown","payload":{"coordinates":{"column":2,"row":0},"isInMultiAction":false,"settings":{}}}
2024-11-23T23:48:54.008Z INFO  Key pressed!
2024-11-23T23:48:54.069Z TRACE Connection: {"action":"com.maninthebag.medaltv.pressbutton","context":"96908fcfcc96a5b5a29ea2aeea209412","device":"7F12B26789C1853C992B10B1B94B3D2B","event":"keyUp","payload":{"coordinates":{"column":2,"row":0},"isInMultiAction":false,"settings":{}}}
